MyNotifications/Shared/build/intermediates/manifest_merge_blame_file/debug/manifest-merger-blame-debug-report.txt
1<?xml version="1.0" encoding="utf-8"?>
2<!--
3  Copyright 2017 Google Inc. All rights reserved.
4  Licensed under the Apache License, Version 2.0 (the "License");
5  you may not use this file except in compliance with the License.
6  You may obtain a copy of the License at
7       http://www.apache.org/licenses/LICENSE-2.0
8  Unless required by applicable law or agreed to in writing, software
9  distributed under the License is distributed on an "AS IS" BASIS,
10  WITHOUT WARRANTIES OR CONDITIONS OF ANY KIND, either express or implied.
11  See the License for the specific language governing permissions and
12  limitations under the License.
13-->
14<manifest xmlns:android="http://schemas.android.com/apk/res/android"
15    package="com.example.android.wearable.wear.wearnotifications.common" >
16
17    <uses-sdk
18        android:minSdkVersion="18"
18-->src\main\AndroidManifest.xml
19        android:targetSdkVersion="29" />
19-->src\main\AndroidManifest.xml
20
21    <application
21-->src\main\AndroidManifest.xml:18:5-20:19
22        android:allowBackup="true"
22-->src\main\AndroidManifest.xml:18:18-44
23        android:label="@string/app_name" >
23-->src\main\AndroidManifest.xml:18:45-77
24    </application>
25
26</manifest>